# Logfile created on 2018-09-11 17:43:22 -0400 by logger.rb/56438
I, [2018-09-11T17:43:22.510920 #51705]  INFO -- : 0:  rake (11.3.0) from /Library/Ruby/Gems/2.3.0/specifications/rake-11.3.0.gemspec
I, [2018-09-11T17:43:23.200337 #51705]  INFO -- : 0:  i18n (0.7.0) from /Library/Ruby/Gems/2.3.0/specifications/i18n-0.7.0.gemspec
I, [2018-09-11T17:43:23.673651 #51705]  INFO -- : 0:  json (1.8.3) from /Library/Ruby/Gems/2.3.0/specifications/json-1.8.3.gemspec
I, [2018-09-11T17:43:23.674296 #51705]  INFO -- : 0:  minitest (5.9.1) from /Library/Ruby/Gems/2.3.0/specifications/minitest-5.9.1.gemspec
I, [2018-09-11T17:43:23.674765 #51705]  INFO -- : 0:  thread_safe (0.3.5) from /Library/Ruby/Gems/2.3.0/specifications/thread_safe-0.3.5.gemspec
I, [2018-09-11T17:43:23.675313 #51705]  INFO -- : 0:  tzinfo (1.2.2) from /Library/Ruby/Gems/2.3.0/specifications/tzinfo-1.2.2.gemspec
I, [2018-09-11T17:43:23.675717 #51705]  INFO -- : 0:  activesupport (4.2.7.1) from /Library/Ruby/Gems/2.3.0/specifications/activesupport-4.2.7.1.gemspec
I, [2018-09-11T17:43:23.676109 #51705]  INFO -- : 0:  builder (3.2.2) from /Library/Ruby/Gems/2.3.0/specifications/builder-3.2.2.gemspec
I, [2018-09-11T17:43:23.676585 #51705]  INFO -- : 0:  erubis (2.7.0) from /Library/Ruby/Gems/2.3.0/specifications/erubis-2.7.0.gemspec
I, [2018-09-11T17:43:23.677210 #51705]  INFO -- : 0:  mini_portile2 (2.1.0) from /Library/Ruby/Gems/2.3.0/specifications/mini_portile2-2.1.0.gemspec
I, [2018-09-11T17:46:53.212724 #51705]  INFO -- : 0:  nokogiri (1.6.8.1) from /Library/Ruby/Gems/2.3.0/specifications/nokogiri-1.6.8.1.gemspec
I, [2018-09-11T17:46:53.993286 #51705]  INFO -- : 0:  rails-deprecated_sanitizer (1.0.3) from /Library/Ruby/Gems/2.3.0/specifications/rails-deprecated_sanitizer-1.0.3.gemspec
I, [2018-09-11T17:46:54.438179 #51705]  INFO -- : 0:  rails-dom-testing (1.0.7) from /Library/Ruby/Gems/2.3.0/specifications/rails-dom-testing-1.0.7.gemspec
I, [2018-09-11T17:46:54.944767 #51705]  INFO -- : 0:  loofah (2.0.3) from /Library/Ruby/Gems/2.3.0/specifications/loofah-2.0.3.gemspec
I, [2018-09-11T17:46:55.358021 #51705]  INFO -- : 0:  rails-html-sanitizer (1.0.3) from /Library/Ruby/Gems/2.3.0/specifications/rails-html-sanitizer-1.0.3.gemspec
I, [2018-09-11T17:46:56.145519 #51705]  INFO -- : 0:  actionview (4.2.7.1) from /Library/Ruby/Gems/2.3.0/specifications/actionview-4.2.7.1.gemspec
I, [2018-09-11T17:46:58.768909 #51705]  INFO -- : 0:  rack (1.6.4) from /Library/Ruby/Gems/2.3.0/specifications/rack-1.6.4.gemspec
I, [2018-09-11T17:46:59.216066 #51705]  INFO -- : 0:  rack-test (0.6.3) from /Library/Ruby/Gems/2.3.0/specifications/rack-test-0.6.3.gemspec
I, [2018-09-11T17:46:59.836760 #51705]  INFO -- : 0:  actionpack (4.2.7.1) from /Library/Ruby/Gems/2.3.0/specifications/actionpack-4.2.7.1.gemspec
I, [2018-09-11T17:47:00.145509 #51705]  INFO -- : 0:  globalid (0.3.7) from /Library/Ruby/Gems/2.3.0/specifications/globalid-0.3.7.gemspec
I, [2018-09-11T17:47:00.622777 #51705]  INFO -- : 0:  activejob (4.2.7.1) from /Library/Ruby/Gems/2.3.0/specifications/activejob-4.2.7.1.gemspec
I, [2018-09-11T17:47:01.070687 #51705]  INFO -- : 0:  mime-types-data (3.2016.0521) from /Library/Ruby/Gems/2.3.0/specifications/mime-types-data-3.2016.0521.gemspec
I, [2018-09-11T17:47:01.441398 #51705]  INFO -- : 0:  mime-types (3.1) from /Library/Ruby/Gems/2.3.0/specifications/mime-types-3.1.gemspec
I, [2018-09-11T17:47:02.204168 #51705]  INFO -- : 0:  mail (2.6.4) from /Library/Ruby/Gems/2.3.0/specifications/mail-2.6.4.gemspec
I, [2018-09-11T17:47:02.678114 #51705]  INFO -- : 0:  actionmailer (4.2.7.1) from /Library/Ruby/Gems/2.3.0/specifications/actionmailer-4.2.7.1.gemspec
I, [2018-09-11T17:47:03.103495 #51705]  INFO -- : 0:  activemodel (4.2.7.1) from /Library/Ruby/Gems/2.3.0/specifications/activemodel-4.2.7.1.gemspec
I, [2018-09-11T17:47:03.542689 #51705]  INFO -- : 0:  arel (6.0.3) from /Library/Ruby/Gems/2.3.0/specifications/arel-6.0.3.gemspec
I, [2018-09-11T17:47:04.456595 #51705]  INFO -- : 0:  activerecord (4.2.7.1) from /Library/Ruby/Gems/2.3.0/specifications/activerecord-4.2.7.1.gemspec
I, [2018-09-11T17:47:05.379218 #51705]  INFO -- : 0:  addressable (2.4.0) from /Library/Ruby/Gems/2.3.0/specifications/addressable-2.4.0.gemspec
I, [2018-09-11T17:47:05.908909 #51705]  INFO -- : 0:  color (1.8) from /Library/Ruby/Gems/2.3.0/specifications/color-1.8.gemspec
I, [2018-09-11T17:47:05.914753 #51705]  INFO -- : 0:  colorator (1.1.0) from /Library/Ruby/Gems/2.3.0/specifications/colorator-1.1.0.gemspec
I, [2018-09-11T17:47:06.716686 #51705]  INFO -- : 0:  concurrent-ruby (1.0.2) from /Library/Ruby/Gems/2.3.0/specifications/concurrent-ruby-1.0.2.gemspec
I, [2018-09-11T17:47:07.256397 #51705]  INFO -- : 0:  multipart-post (2.0.0) from /Library/Ruby/Gems/2.3.0/specifications/multipart-post-2.0.0.gemspec
I, [2018-09-11T17:47:07.698187 #51705]  INFO -- : 0:  faraday (0.9.2) from /Library/Ruby/Gems/2.3.0/specifications/faraday-0.9.2.gemspec
I, [2018-09-11T17:47:25.739267 #51705]  INFO -- : 0:  ffi (1.9.14) from /Library/Ruby/Gems/2.3.0/specifications/ffi-1.9.14.gemspec
I, [2018-09-11T17:47:25.800594 #51705]  INFO -- : 0:  forwardable-extended (2.6.0) from /Library/Ruby/Gems/2.3.0/specifications/forwardable-extended-2.6.0.gemspec
I, [2018-09-11T17:47:26.274656 #51705]  INFO -- : 0:  geo_pattern (1.2.1) from /Library/Ruby/Gems/2.3.0/specifications/geo_pattern-1.2.1.gemspec
I, [2018-09-11T17:47:27.866240 #51705]  INFO -- : 0:  sass (3.4.22) from /Library/Ruby/Gems/2.3.0/specifications/sass-3.4.22.gemspec
I, [2018-09-11T17:47:28.316052 #51705]  INFO -- : 0:  jekyll-sass-converter (1.4.0) from /Library/Ruby/Gems/2.3.0/specifications/jekyll-sass-converter-1.4.0.gemspec
I, [2018-09-11T17:47:28.608276 #51705]  INFO -- : 0:  rb-fsevent (0.9.8) from /Library/Ruby/Gems/2.3.0/specifications/rb-fsevent-0.9.8.gemspec
I, [2018-09-11T17:47:28.922450 #51705]  INFO -- : 0:  rb-inotify (0.9.7) from /Library/Ruby/Gems/2.3.0/specifications/rb-inotify-0.9.7.gemspec
I, [2018-09-11T17:47:29.584247 #51705]  INFO -- : 0:  listen (3.0.8) from /Library/Ruby/Gems/2.3.0/specifications/listen-3.0.8.gemspec
I, [2018-09-11T17:47:30.004809 #51705]  INFO -- : 0:  jekyll-watch (1.5.0) from /Library/Ruby/Gems/2.3.0/specifications/jekyll-watch-1.5.0.gemspec
I, [2018-09-11T17:47:32.613893 #51705]  INFO -- : 0:  kramdown (1.12.0) from /Library/Ruby/Gems/2.3.0/specifications/kramdown-1.12.0.gemspec
I, [2018-09-11T17:47:34.027798 #51705]  INFO -- : 0:  liquid (3.0.6) from /Library/Ruby/Gems/2.3.0/specifications/liquid-3.0.6.gemspec
I, [2018-09-11T17:47:34.290092 #51705]  INFO -- : 0:  mercenary (0.3.6) from /Library/Ruby/Gems/2.3.0/specifications/mercenary-0.3.6.gemspec
I, [2018-09-11T17:47:34.590131 #51705]  INFO -- : 0:  pathutil (0.14.0) from /Library/Ruby/Gems/2.3.0/specifications/pathutil-0.14.0.gemspec
I, [2018-09-11T17:47:36.452718 #51705]  INFO -- : 0:  rouge (1.11.1) from /Library/Ruby/Gems/2.3.0/specifications/rouge-1.11.1.gemspec
I, [2018-09-11T17:47:36.478202 #51705]  INFO -- : 0:  safe_yaml (1.0.4) from /Library/Ruby/Gems/2.3.0/specifications/safe_yaml-1.0.4.gemspec
I, [2018-09-11T17:47:37.596873 #51705]  INFO -- : 0:  jekyll (3.3.0) from /Library/Ruby/Gems/2.3.0/specifications/jekyll-3.3.0.gemspec
I, [2018-09-11T17:47:37.986939 #51705]  INFO -- : 0:  jekyll-geo-pattern (0.4.1) from /Library/Ruby/Gems/2.3.0/specifications/jekyll-geo-pattern-0.4.1.gemspec
I, [2018-09-11T17:47:38.931353 #51705]  INFO -- : 0:  sawyer (0.7.0) from /Library/Ruby/Gems/2.3.0/specifications/sawyer-0.7.0.gemspec
I, [2018-09-11T17:47:41.902445 #51705]  INFO -- : 0:  octokit (4.4.1) from /Library/Ruby/Gems/2.3.0/specifications/octokit-4.4.1.gemspec
I, [2018-09-11T17:47:42.306015 #51705]  INFO -- : 0:  jekyll-github-metadata (2.2.0) from /Library/Ruby/Gems/2.3.0/specifications/jekyll-github-metadata-2.2.0.gemspec
I, [2018-09-11T17:47:42.622832 #51705]  INFO -- : 0:  jekyll-paginate (1.1.0) from /Library/Ruby/Gems/2.3.0/specifications/jekyll-paginate-1.1.0.gemspec
I, [2018-09-11T17:47:42.982114 #51705]  INFO -- : 0:  middleware (0.1.0) from /Library/Ruby/Gems/2.3.0/specifications/middleware-0.1.0.gemspec
I, [2018-09-11T17:47:43.637838 #51705]  INFO -- : 0:  thor (0.19.1) from /Library/Ruby/Gems/2.3.0/specifications/thor-0.19.1.gemspec
I, [2018-09-11T17:47:44.594352 #51705]  INFO -- : 0:  protobuf (3.6.12) from /Library/Ruby/Gems/2.3.0/specifications/protobuf-3.6.12.gemspec
I, [2018-09-11T17:47:44.617025 #51705]  INFO -- : 0:  bundler (1.5.1) from /Library/Ruby/Gems/2.3.0/specifications/bundler-1.5.1.gemspec
I, [2018-09-11T17:47:45.552462 #51705]  INFO -- : 0:  railties (4.2.7.1) from /Library/Ruby/Gems/2.3.0/specifications/railties-4.2.7.1.gemspec
I, [2018-09-11T17:47:46.061593 #51705]  INFO -- : 0:  sprockets (3.7.0) from /Library/Ruby/Gems/2.3.0/specifications/sprockets-3.7.0.gemspec
I, [2018-09-11T17:47:46.311338 #51705]  INFO -- : 0:  sprockets-rails (3.2.0) from /Library/Ruby/Gems/2.3.0/specifications/sprockets-rails-3.2.0.gemspec
I, [2018-09-11T17:47:47.588297 #51705]  INFO -- : 0:  rails (4.2.7.1) from /Library/Ruby/Gems/2.3.0/specifications/rails-4.2.7.1.gemspec
I, [2018-09-11T17:47:47.888128 #51705]  INFO -- : 0:  rough (0.2.6) from /Library/Ruby/Gems/2.3.0/specifications/rough-0.2.6.gemspec
